1727124127.781009 client started (57111): version 3.2a, socket /tmp/tmux-1000/default, protocol 8
1727124127.781037 on Linux 5.15.153.1-microsoft-standard-WSL2 #1 SMP Fri Mar 29 23:14:13 UTC 2024
1727124127.781053 using libevent 2.1.12-stable (poll); ncurses 6.3
1727124127.781099 flags are 0x18010000
1727124127.781103 socket is /tmp/tmux-1000/default
1727124127.781149 trying connect
1727124127.781174 connect failed: No such file or directory
1727124127.781203 lock file is /tmp/tmux-1000/default.lock
1727124127.781279 flock succeeded
1727124127.781282 got lock (6)
1727124127.781285 trying connect
1727124127.781290 connect failed: No such file or directory
1727124127.781475 add peer 0x55705cdf0c30: 7 ((nil))
1727124127.782117 sending message 100 to peer 0x55705cdf0c30 (4 bytes)
1727124127.782127 sending message 111 to peer 0x55705cdf0c30 (8 bytes)
1727124127.782130 sending message 101 to peer 0x55705cdf0c30 (15 bytes)
1727124127.782133 sending message 109 to peer 0x55705cdf0c30 (4 bytes)
1727124127.782136 sending message 102 to peer 0x55705cdf0c30 (11 bytes)
1727124127.782138 sending message 108 to peer 0x55705cdf0c30 (35 bytes)
1727124127.782141 sending message 112 to peer 0x55705cdf0c30 (58 bytes)
1727124127.782143 sending message 112 to peer 0x55705cdf0c30 (5 bytes)
1727124127.782146 sending message 112 to peer 0x55705cdf0c30 (5 bytes)
1727124127.782148 sending message 112 to peer 0x55705cdf0c30 (6 bytes)
1727124127.782150 sending message 112 to peer 0x55705cdf0c30 (6 bytes)
1727124127.782153 sending message 112 to peer 0x55705cdf0c30 (11 bytes)
1727124127.782155 sending message 112 to peer 0x55705cdf0c30 (10 bytes)
1727124127.782157 sending message 112 to peer 0x55705cdf0c30 (13 bytes)
1727124127.782159 sending message 112 to peer 0x55705cdf0c30 (14 bytes)
1727124127.782161 sending message 112 to peer 0x55705cdf0c30 (19 bytes)
1727124127.782164 sending message 112 to peer 0x55705cdf0c30 (11 bytes)
1727124127.782166 sending message 112 to peer 0x55705cdf0c30 (10 bytes)
1727124127.782168 sending message 112 to peer 0x55705cdf0c30 (15 bytes)
1727124127.782170 sending message 112 to peer 0x55705cdf0c30 (21 bytes)
1727124127.782173 sending message 112 to peer 0x55705cdf0c30 (13 bytes)
1727124127.782175 sending message 112 to peer 0x55705cdf0c30 (7 bytes)
1727124127.782177 sending message 112 to peer 0x55705cdf0c30 (13 bytes)
1727124127.782180 sending message 112 to peer 0x55705cdf0c30 (7 bytes)
1727124127.782182 sending message 112 to peer 0x55705cdf0c30 (13 bytes)
1727124127.782184 sending message 112 to peer 0x55705cdf0c30 (9 bytes)
1727124127.782186 sending message 112 to peer 0x55705cdf0c30 (21 bytes)
1727124127.782188 sending message 112 to peer 0x55705cdf0c30 (13 bytes)
1727124127.782192 sending message 112 to peer 0x55705cdf0c30 (9 bytes)
1727124127.782195 sending message 112 to peer 0x55705cdf0c30 (16 bytes)
1727124127.782197 sending message 112 to peer 0x55705cdf0c30 (13 bytes)
1727124127.782201 sending message 112 to peer 0x55705cdf0c30 (9 bytes)
1727124127.782204 sending message 112 to peer 0x55705cdf0c30 (9 bytes)
1727124127.782206 sending message 112 to peer 0x55705cdf0c30 (12 bytes)
1727124127.782209 sending message 112 to peer 0x55705cdf0c30 (8 bytes)
1727124127.782212 sending message 112 to peer 0x55705cdf0c30 (8 bytes)
1727124127.782214 sending message 112 to peer 0x55705cdf0c30 (13 bytes)
1727124127.782216 sending message 112 to peer 0x55705cdf0c30 (7 bytes)
1727124127.782219 sending message 112 to peer 0x55705cdf0c30 (7 bytes)
1727124127.782222 sending message 112 to peer 0x55705cdf0c30 (9 bytes)
1727124127.782224 sending message 112 to peer 0x55705cdf0c30 (9 bytes)
1727124127.782227 sending message 112 to peer 0x55705cdf0c30 (15 bytes)
1727124127.782229 sending message 112 to peer 0x55705cdf0c30 (13 bytes)
1727124127.782232 sending message 112 to peer 0x55705cdf0c30 (12 bytes)
1727124127.782234 sending message 112 to peer 0x55705cdf0c30 (8 bytes)
1727124127.782236 sending message 112 to peer 0x55705cdf0c30 (14 bytes)
1727124127.782238 sending message 112 to peer 0x55705cdf0c30 (11 bytes)
1727124127.782241 sending message 112 to peer 0x55705cdf0c30 (9 bytes)
1727124127.782251 sending message 112 to peer 0x55705cdf0c30 (10 bytes)
1727124127.782254 sending message 112 to peer 0x55705cdf0c30 (10 bytes)
1727124127.782256 sending message 112 to peer 0x55705cdf0c30 (10 bytes)
1727124127.782258 sending message 112 to peer 0x55705cdf0c30 (10 bytes)
1727124127.782261 sending message 112 to peer 0x55705cdf0c30 (11 bytes)
1727124127.782263 sending message 112 to peer 0x55705cdf0c30 (12 bytes)
1727124127.782266 sending message 112 to peer 0x55705cdf0c30 (12 bytes)
1727124127.782268 sending message 112 to peer 0x55705cdf0c30 (12 bytes)
1727124127.782270 sending message 112 to peer 0x55705cdf0c30 (12 bytes)
1727124127.782273 sending message 112 to peer 0x55705cdf0c30 (12 bytes)
1727124127.782275 sending message 112 to peer 0x55705cdf0c30 (11 bytes)
1727124127.782277 sending message 112 to peer 0x55705cdf0c30 (11 bytes)
1727124127.782279 sending message 112 to peer 0x55705cdf0c30 (12 bytes)
1727124127.782282 sending message 112 to peer 0x55705cdf0c30 (12 bytes)
1727124127.782284 sending message 112 to peer 0x55705cdf0c30 (12 bytes)
1727124127.782286 sending message 112 to peer 0x55705cdf0c30 (12 bytes)
1727124127.782289 sending message 112 to peer 0x55705cdf0c30 (12 bytes)
1727124127.782291 sending message 112 to peer 0x55705cdf0c30 (9 bytes)
1727124127.782294 sending message 112 to peer 0x55705cdf0c30 (12 bytes)
1727124127.782296 sending message 112 to peer 0x55705cdf0c30 (13 bytes)
1727124127.782299 sending message 112 to peer 0x55705cdf0c30 (13 bytes)
1727124127.782301 sending message 112 to peer 0x55705cdf0c30 (13 bytes)
1727124127.782303 sending message 112 to peer 0x55705cdf0c30 (13 bytes)
1727124127.782306 sending message 112 to peer 0x55705cdf0c30 (13 bytes)
1727124127.782308 sending message 112 to peer 0x55705cdf0c30 (8 bytes)
1727124127.782310 sending message 112 to peer 0x55705cdf0c30 (11 bytes)
1727124127.782313 sending message 112 to peer 0x55705cdf0c30 (11 bytes)
1727124127.782315 sending message 112 to peer 0x55705cdf0c30 (11 bytes)
1727124127.782317 sending message 112 to peer 0x55705cdf0c30 (12 bytes)
1727124127.782320 sending message 112 to peer 0x55705cdf0c30 (12 bytes)
1727124127.782322 sending message 112 to peer 0x55705cdf0c30 (12 bytes)
1727124127.782324 sending message 112 to peer 0x55705cdf0c30 (12 bytes)
1727124127.782327 sending message 112 to peer 0x55705cdf0c30 (13 bytes)
1727124127.782329 sending message 112 to peer 0x55705cdf0c30 (13 bytes)
1727124127.782331 sending message 112 to peer 0x55705cdf0c30 (13 bytes)
1727124127.782334 sending message 112 to peer 0x55705cdf0c30 (8 bytes)
1727124127.782336 sending message 112 to peer 0x55705cdf0c30 (13 bytes)
1727124127.782339 sending message 112 to peer 0x55705cdf0c30 (13 bytes)
1727124127.782341 sending message 112 to peer 0x55705cdf0c30 (13 bytes)
1727124127.782343 sending message 112 to peer 0x55705cdf0c30 (13 bytes)
1727124127.782345 sending message 112 to peer 0x55705cdf0c30 (13 bytes)
1727124127.782348 sending message 112 to peer 0x55705cdf0c30 (12 bytes)
1727124127.782350 sending message 112 to peer 0x55705cdf0c30 (12 bytes)
1727124127.782353 sending message 112 to peer 0x55705cdf0c30 (12 bytes)
1727124127.782355 sending message 112 to peer 0x55705cdf0c30 (12 bytes)
1727124127.782357 sending message 112 to peer 0x55705cdf0c30 (13 bytes)
1727124127.782359 sending message 112 to peer 0x55705cdf0c30 (8 bytes)
1727124127.782362 sending message 112 to peer 0x55705cdf0c30 (13 bytes)
1727124127.782364 sending message 112 to peer 0x55705cdf0c30 (13 bytes)
1727124127.782366 sending message 112 to peer 0x55705cdf0c30 (13 bytes)
1727124127.782368 sending message 112 to peer 0x55705cdf0c30 (13 bytes)
1727124127.782371 sending message 112 to peer 0x55705cdf0c30 (13 bytes)
1727124127.782373 sending message 112 to peer 0x55705cdf0c30 (13 bytes)
1727124127.782375 sending message 112 to peer 0x55705cdf0c30 (13 bytes)
1727124127.782378 sending message 112 to peer 0x55705cdf0c30 (12 bytes)
1727124127.782380 sending message 112 to peer 0x55705cdf0c30 (12 bytes)
1727124127.782382 sending message 112 to peer 0x55705cdf0c30 (12 bytes)
1727124127.782387 sending message 112 to peer 0x55705cdf0c30 (8 bytes)
1727124127.782390 sending message 112 to peer 0x55705cdf0c30 (12 bytes)
1727124127.782392 sending message 112 to peer 0x55705cdf0c30 (13 bytes)
1727124127.782394 sending message 112 to peer 0x55705cdf0c30 (13 bytes)
1727124127.782397 sending message 112 to peer 0x55705cdf0c30 (13 bytes)
1727124127.782399 sending message 112 to peer 0x55705cdf0c30 (13 bytes)
1727124127.782401 sending message 112 to peer 0x55705cdf0c30 (13 bytes)
1727124127.782404 sending message 112 to peer 0x55705cdf0c30 (13 bytes)
1727124127.782406 sending message 112 to peer 0x55705cdf0c30 (13 bytes)
1727124127.782408 sending message 112 to peer 0x55705cdf0c30 (13 bytes)
1727124127.782411 sending message 112 to peer 0x55705cdf0c30 (12 bytes)
1727124127.782413 sending message 112 to peer 0x55705cdf0c30 (10 bytes)
1727124127.782415 sending message 112 to peer 0x55705cdf0c30 (12 bytes)
1727124127.782418 sending message 112 to peer 0x55705cdf0c30 (12 bytes)
1727124127.782420 sending message 112 to peer 0x55705cdf0c30 (12 bytes)
1727124127.782422 sending message 112 to peer 0x55705cdf0c30 (13 bytes)
1727124127.782425 sending message 112 to peer 0x55705cdf0c30 (13 bytes)
1727124127.782428 sending message 112 to peer 0x55705cdf0c30 (13 bytes)
1727124127.782430 sending message 112 to peer 0x55705cdf0c30 (13 bytes)
1727124127.782432 sending message 112 to peer 0x55705cdf0c30 (13 bytes)
1727124127.782435 sending message 112 to peer 0x55705cdf0c30 (13 bytes)
1727124127.782437 sending message 112 to peer 0x55705cdf0c30 (13 bytes)
1727124127.782439 sending message 112 to peer 0x55705cdf0c30 (10 bytes)
1727124127.782441 sending message 112 to peer 0x55705cdf0c30 (13 bytes)
1727124127.782444 sending message 112 to peer 0x55705cdf0c30 (12 bytes)
1727124127.782446 sending message 112 to peer 0x55705cdf0c30 (12 bytes)
1727124127.782448 sending message 112 to peer 0x55705cdf0c30 (12 bytes)
1727124127.782450 sending message 112 to peer 0x55705cdf0c30 (10 bytes)
1727124127.782453 sending message 112 to peer 0x55705cdf0c30 (10 bytes)
1727124127.782455 sending message 112 to peer 0x55705cdf0c30 (10 bytes)
1727124127.782457 sending message 112 to peer 0x55705cdf0c30 (12 bytes)
1727124127.782459 sending message 112 to peer 0x55705cdf0c30 (13 bytes)
1727124127.782462 sending message 112 to peer 0x55705cdf0c30 (13 bytes)
1727124127.782464 sending message 112 to peer 0x55705cdf0c30 (13 bytes)
1727124127.782467 sending message 112 to peer 0x55705cdf0c30 (13 bytes)
1727124127.782469 sending message 112 to peer 0x55705cdf0c30 (13 bytes)
1727124127.782471 sending message 112 to peer 0x55705cdf0c30 (10 bytes)
1727124127.782473 sending message 112 to peer 0x55705cdf0c30 (11 bytes)
1727124127.782476 sending message 112 to peer 0x55705cdf0c30 (12 bytes)
1727124127.782478 sending message 112 to peer 0x55705cdf0c30 (12 bytes)
1727124127.782480 sending message 112 to peer 0x55705cdf0c30 (12 bytes)
1727124127.782482 sending message 112 to peer 0x55705cdf0c30 (12 bytes)
1727124127.782485 sending message 112 to peer 0x55705cdf0c30 (12 bytes)
1727124127.782487 sending message 112 to peer 0x55705cdf0c30 (11 bytes)
1727124127.782489 sending message 112 to peer 0x55705cdf0c30 (12 bytes)
1727124127.782491 sending message 112 to peer 0x55705cdf0c30 (12 bytes)
1727124127.782494 sending message 112 to peer 0x55705cdf0c30 (13 bytes)
1727124127.782497 sending message 112 to peer 0x55705cdf0c30 (13 bytes)
1727124127.782499 sending message 112 to peer 0x55705cdf0c30 (13 bytes)
1727124127.782501 sending message 112 to peer 0x55705cdf0c30 (13 bytes)
1727124127.782503 sending message 112 to peer 0x55705cdf0c30 (13 bytes)
1727124127.782506 sending message 112 to peer 0x55705cdf0c30 (10 bytes)
1727124127.782508 sending message 112 to peer 0x55705cdf0c30 (9 bytes)
1727124127.782510 sending message 112 to peer 0x55705cdf0c30 (12 bytes)
1727124127.782512 sending message 112 to peer 0x55705cdf0c30 (13 bytes)
1727124127.782515 sending message 112 to peer 0x55705cdf0c30 (13 bytes)
1727124127.782517 sending message 112 to peer 0x55705cdf0c30 (13 bytes)
1727124127.782522 sending message 112 to peer 0x55705cdf0c30 (13 bytes)
1727124127.782524 sending message 112 to peer 0x55705cdf0c30 (13 bytes)
1727124127.782527 sending message 112 to peer 0x55705cdf0c30 (9 bytes)
1727124127.782529 sending message 112 to peer 0x55705cdf0c30 (12 bytes)
1727124127.782531 sending message 112 to peer 0x55705cdf0c30 (13 bytes)
1727124127.782534 sending message 112 to peer 0x55705cdf0c30 (13 bytes)
1727124127.782536 sending message 112 to peer 0x55705cdf0c30 (13 bytes)
1727124127.782539 sending message 112 to peer 0x55705cdf0c30 (13 bytes)
1727124127.782541 sending message 112 to peer 0x55705cdf0c30 (13 bytes)
1727124127.782543 sending message 112 to peer 0x55705cdf0c30 (11 bytes)
1727124127.782546 sending message 112 to peer 0x55705cdf0c30 (12 bytes)
1727124127.782548 sending message 112 to peer 0x55705cdf0c30 (13 bytes)
1727124127.782550 sending message 112 to peer 0x55705cdf0c30 (13 bytes)
1727124127.782552 sending message 112 to peer 0x55705cdf0c30 (13 bytes)
1727124127.782554 sending message 112 to peer 0x55705cdf0c30 (13 bytes)
1727124127.782559 sending message 112 to peer 0x55705cdf0c30 (13 bytes)
1727124127.782561 sending message 112 to peer 0x55705cdf0c30 (11 bytes)
1727124127.782563 sending message 112 to peer 0x55705cdf0c30 (12 bytes)
1727124127.782566 sending message 112 to peer 0x55705cdf0c30 (12 bytes)
1727124127.782568 sending message 112 to peer 0x55705cdf0c30 (12 bytes)
1727124127.782570 sending message 112 to peer 0x55705cdf0c30 (12 bytes)
1727124127.782572 sending message 112 to peer 0x55705cdf0c30 (12 bytes)
1727124127.782575 sending message 112 to peer 0x55705cdf0c30 (21 bytes)
1727124127.782577 sending message 112 to peer 0x55705cdf0c30 (12 bytes)
1727124127.782579 sending message 112 to peer 0x55705cdf0c30 (9 bytes)
1727124127.782581 sending message 112 to peer 0x55705cdf0c30 (6 bytes)
1727124127.782583 sending message 112 to peer 0x55705cdf0c30 (13 bytes)
1727124127.782585 sending message 112 to peer 0x55705cdf0c30 (10 bytes)
1727124127.782588 sending message 112 to peer 0x55705cdf0c30 (24 bytes)
1727124127.782590 sending message 112 to peer 0x55705cdf0c30 (13 bytes)
1727124127.782592 sending message 112 to peer 0x55705cdf0c30 (9 bytes)
1727124127.782596 sending message 112 to peer 0x55705cdf0c30 (70 bytes)
1727124127.782598 sending message 112 to peer 0x55705cdf0c30 (69 bytes)
1727124127.782600 sending message 112 to peer 0x55705cdf0c30 (12 bytes)
1727124127.782602 sending message 112 to peer 0x55705cdf0c30 (10 bytes)
1727124127.782605 sending message 112 to peer 0x55705cdf0c30 (10 bytes)
1727124127.782607 sending message 112 to peer 0x55705cdf0c30 (24 bytes)
1727124127.782609 sending message 112 to peer 0x55705cdf0c30 (13 bytes)
1727124127.782611 sending message 112 to peer 0x55705cdf0c30 (10 bytes)
1727124127.782614 sending message 112 to peer 0x55705cdf0c30 (10 bytes)
1727124127.782616 sending message 112 to peer 0x55705cdf0c30 (10 bytes)
1727124127.782618 sending message 112 to peer 0x55705cdf0c30 (13 bytes)
1727124127.782621 sending message 112 to peer 0x55705cdf0c30 (15 bytes)
1727124127.782623 sending message 112 to peer 0x55705cdf0c30 (5 bytes)
1727124127.782626 sending message 104 to peer 0x55705cdf0c30 (0 bytes)
1727124127.782628 sending message 110 to peer 0x55705cdf0c30 (0 bytes)
1727124127.782632 sending message 107 to peer 0x55705cdf0c30 (4 bytes)
1727124127.782635 sending message 105 to peer 0x55705cdf0c30 (16 bytes)
1727124127.782638 sending message 105 to peer 0x55705cdf0c30 (24 bytes)
1727124127.782640 sending message 105 to peer 0x55705cdf0c30 (29 bytes)
1727124127.782642 sending message 105 to peer 0x55705cdf0c30 (48 bytes)
1727124127.782644 sending message 105 to peer 0x55705cdf0c30 (63 bytes)
1727124127.782646 sending message 105 to peer 0x55705cdf0c30 (59 bytes)
1727124127.782649 sending message 105 to peer 0x55705cdf0c30 (16 bytes)
1727124127.782651 sending message 105 to peer 0x55705cdf0c30 (39 bytes)
1727124127.782653 sending message 105 to peer 0x55705cdf0c30 (20 bytes)
1727124127.782655 sending message 105 to peer 0x55705cdf0c30 (23 bytes)
1727124127.782660 sending message 105 to peer 0x55705cdf0c30 (13 bytes)
1727124127.782662 sending message 105 to peer 0x55705cdf0c30 (34 bytes)
1727124127.782665 sending message 105 to peer 0x55705cdf0c30 (1519 bytes)
1727124127.782679 sending message 105 to peer 0x55705cdf0c30 (26 bytes)
1727124127.782682 sending message 105 to peer 0x55705cdf0c30 (34 bytes)
1727124127.782684 sending message 105 to peer 0x55705cdf0c30 (20 bytes)
1727124127.782686 sending message 105 to peer 0x55705cdf0c30 (32 bytes)
1727124127.782689 sending message 105 to peer 0x55705cdf0c30 (17 bytes)
1727124127.782691 sending message 105 to peer 0x55705cdf0c30 (62 bytes)
1727124127.782693 sending message 105 to peer 0x55705cdf0c30 (37 bytes)
1727124127.782696 sending message 105 to peer 0x55705cdf0c30 (11 bytes)
1727124127.782698 sending message 105 to peer 0x55705cdf0c30 (8 bytes)
1727124127.782701 sending message 105 to peer 0x55705cdf0c30 (46 bytes)
1727124127.782703 sending message 105 to peer 0x55705cdf0c30 (32 bytes)
1727124127.782706 sending message 105 to peer 0x55705cdf0c30 (33 bytes)
1727124127.782709 sending message 105 to peer 0x55705cdf0c30 (65 bytes)
1727124127.782711 sending message 105 to peer 0x55705cdf0c30 (1377 bytes)
1727124127.782715 sending message 105 to peer 0x55705cdf0c30 (54 bytes)
1727124127.782718 sending message 105 to peer 0x55705cdf0c30 (25 bytes)
1727124127.782720 sending message 105 to peer 0x55705cdf0c30 (16 bytes)
1727124127.782722 sending message 105 to peer 0x55705cdf0c30 (40 bytes)
1727124127.782725 sending message 105 to peer 0x55705cdf0c30 (53 bytes)
1727124127.782727 sending message 105 to peer 0x55705cdf0c30 (33 bytes)
1727124127.782729 sending message 105 to peer 0x55705cdf0c30 (16 bytes)
1727124127.782732 sending message 106 to peer 0x55705cdf0c30 (0 bytes)
1727124127.782736 sending message 200 to peer 0x55705cdf0c30 (4 bytes)
1727124127.782739 client loop enter
1727124127.782780 client_signal: Child exited
1727124127.828582 peer 0x55705cdf0c30 message 207
1727124127.828598 sending message 208 to peer 0x55705cdf0c30 (0 bytes)
1727124136.868936 peer 0x55705cdf0c30 message 203
1727124136.868950 sending message 205 to peer 0x55705cdf0c30 (0 bytes)
1727124136.869271 peer 0x55705cdf0c30 message 204
1727124136.869278 client loop exit
